<?xml version="1.0" encoding="UTF-8"?>
<!-- Generated by org.testng.reporters.JUnitXMLReporter -->
<testsuite hostname="JAGA" ignored="0" name="Default test" tests="3" failures="0" timestamp="26 Sep 2018 03:11:55 GMT" time="0.084" errors="0">
  <testcase name="addProduct" time="0.031" classname="testNG_Concepts.Test_With_Threads"/>
  <testcase name="addShipDetail" time="0.0" classname="testNG_Concepts.Test_With_Threads"/>
  <testcase name="payMoney" time="0.016" classname="testNG_Concepts.Test_With_Threads"/>
</testsuite> <!-- Default test -->
