<?xml version="1.0" encoding="UTF-8"?>
<!-- Generated by org.testng.reporters.JUnitXMLReporter -->
<testsuite hostname="JAGA" name="Default test" tests="3" failures="0" timestamp="31 Jul 2017 16:01:22 GMT" time="1.024" errors="0">
  <testcase name="add" time="0.072" classname="datadrivenTest.DatadrivenTestToReadExcel"/>
  <testcase name="add" time="0.0" classname="datadrivenTest.DatadrivenTestToReadExcel"/>
  <testcase name="add" time="0.0" classname="datadrivenTest.DatadrivenTestToReadExcel"/>
</testsuite> <!-- Default test -->
