<?xml version="1.0" encoding="UTF-8"?>
<!-- Generated by org.testng.reporters.JUnitXMLReporter -->
<testsuite hostname="JAGA" ignored="0" name="SanityTest" tests="4" failures="0" timestamp="26 Sep 2018 03:14:14 GMT" time="0.138" errors="0">
  <testcase name="login" time="0.03" classname="testNG_Concepts.Test_With_Thread"/>
  <testcase name="logout" time="0.015" classname="testNG_Concepts.Test_With_Thread"/>
  <testcase name="placeOrder" time="0.03" classname="testNG_Concepts.Test_With_Thread"/>
  <testcase name="search" time="0.0" classname="testNG_Concepts.Test_With_Thread"/>
</testsuite> <!-- SanityTest -->
