<?xml version="1.0" encoding="UTF-8"?>
<testng-results skipped="0" failed="0" ignored="0" total="5" passed="5">
  <reporter-output>
  </reporter-output>
  <suite name="Default suite" duration-ms="392" started-at="2018-11-23T04:20:13Z" finished-at="2018-11-23T04:20:13Z">
    <groups>
      <group name="regression">
        <method signature="BeforeGroups_Test_AfterGroups.addAddress()[pri:1, instance:testNG_Concepts.BeforeGroups_Test_AfterGroups@1c27452]" name="addAddress" class="testNG_Concepts.BeforeGroups_Test_AfterGroups"/>
        <method signature="BeforeGroups_Test_AfterGroups.searchProduct()[pri:1, instance:testNG_Concepts.BeforeGroups_Test_AfterGroups@1c27452]" name="searchProduct" class="testNG_Concepts.BeforeGroups_Test_AfterGroups"/>
        <method signature="BeforeGroups_Test_AfterGroups.payMoney()[pri:2, instance:testNG_Concepts.BeforeGroups_Test_AfterGroups@1c27452]" name="payMoney" class="testNG_Concepts.BeforeGroups_Test_AfterGroups"/>
      </group> <!-- regression -->
      <group name="sanity">
        <method signature="BeforeGroups_Test_AfterGroups.addProduct()[pri:2, instance:testNG_Concepts.BeforeGroups_Test_AfterGroups@1c27452]" name="addProduct" class="testNG_Concepts.BeforeGroups_Test_AfterGroups"/>
        <method signature="BeforeGroups_Test_AfterGroups.searchProduct()[pri:1, instance:testNG_Concepts.BeforeGroups_Test_AfterGroups@1c27452]" name="searchProduct" class="testNG_Concepts.BeforeGroups_Test_AfterGroups"/>
      </group> <!-- sanity -->
    </groups>
    <test name="Default test" duration-ms="392" started-at="2018-11-23T04:20:13Z" finished-at="2018-11-23T04:20:13Z">
      <class name="testNG_Concepts.BeforeGroups_Test_AfterGroups">
        <test-method status="PASS" signature="addAddress()[pri:1, instance:testNG_Concepts.BeforeGroups_Test_AfterGroups@1c27452]" name="addAddress" duration-ms="47" started-at="2018-11-23T04:20:13Z" finished-at="2018-11-23T04:20:13Z">
          <reporter-output>
          </reporter-output>
        </test-method> <!-- addAddress -->
        <test-method status="PASS" signature="addProduct()[pri:2, instance:testNG_Concepts.BeforeGroups_Test_AfterGroups@1c27452]" name="addProduct" duration-ms="0" started-at="2018-11-23T04:20:13Z" finished-at="2018-11-23T04:20:13Z">
          <reporter-output>
          </reporter-output>
        </test-method> <!-- addProduct -->
        <test-method status="PASS" signature="searchProduct()[pri:1, instance:testNG_Concepts.BeforeGroups_Test_AfterGroups@1c27452]" name="searchProduct" duration-ms="0" started-at="2018-11-23T04:20:13Z" finished-at="2018-11-23T04:20:13Z">
          <reporter-output>
          </reporter-output>
        </test-method> <!-- searchProduct -->
        <test-method status="PASS" signature="payMoney()[pri:2, instance:testNG_Concepts.BeforeGroups_Test_AfterGroups@1c27452]" name="payMoney" duration-ms="0" started-at="2018-11-23T04:20:13Z" finished-at="2018-11-23T04:20:13Z">
          <reporter-output>
          </reporter-output>
        </test-method> <!-- payMoney -->
        <test-method status="PASS" signature="placeOrder()[pri:3, instance:testNG_Concepts.BeforeGroups_Test_AfterGroups@1c27452]" name="placeOrder" duration-ms="0" depends-on-groups="sanity.*" started-at="2018-11-23T04:20:13Z" finished-at="2018-11-23T04:20:13Z">
          <reporter-output>
          </reporter-output>
        </test-method> <!-- placeOrder -->
      </class> <!-- testNG_Concepts.BeforeGroups_Test_AfterGroups -->
    </test> <!-- Default test -->
  </suite> <!-- Default suite -->
</testng-results>
