<?xml version="1.0" encoding="UTF-8"?>
<!-- Generated by org.testng.reporters.JUnitXMLReporter -->
<testsuite hostname="JAGA" ignored="0" name="SanityTest" tests="7" failures="0" timestamp="26 Oct 2018 03:13:10 GMT" time="0.128" errors="0">
  <testcase name="login" time="0.031" classname="testNG_Concepts.Test_With_Thread"/>
  <testcase name="logout" time="0.033" classname="testNG_Concepts.Test_With_Thread"/>
  <testcase name="placeOrder" time="0.0" classname="testNG_Concepts.Test_With_Thread"/>
  <testcase name="addProduct" time="0.0" classname="testNG_Concepts.Test_With_Threads"/>
  <testcase name="search" time="0.016" classname="testNG_Concepts.Test_With_Thread"/>
  <testcase name="addShipDetail" time="0.015" classname="testNG_Concepts.Test_With_Threads"/>
  <testcase name="payMoney" time="0.0" classname="testNG_Concepts.Test_With_Threads"/>
</testsuite> <!-- SanityTest -->
