<?xml version="1.0" encoding="UTF-8"?>
<!-- Generated by org.testng.reporters.JUnitXMLReporter -->
<testsuite hostname="JAGA-PC" name="SanityTest" tests="6" failures="0" timestamp="27 Nov 2016 12:09:38 GMT" time="0.111" errors="0">
  <testcase name="testCase4" time="0.02" classname="TestNG.Para.Group.NewTest5"/>
  <testcase name="testCase1" time="0.02" classname="TestNG.Para.Group.NewTest4"/>
  <testcase name="testCase5" time="0.003" classname="TestNG.Para.Group.NewTest5"/>
  <testcase name="testCase6" time="0.001" classname="TestNG.Para.Group.NewTest5"/>
  <testcase name="testCase2" time="0.003" classname="TestNG.Para.Group.NewTest4"/>
  <testcase name="testCase3" time="0.012" classname="TestNG.Para.Group.NewTest4"/>
</testsuite> <!-- SanityTest -->
